2024-12-28 18:51:40,904:INFO:Model training started.
2024-12-28 18:51:41,192:DEBUG:tag: MPFVersion (45056) - type: undefined (7) - value: b'0100'
2024-12-28 18:51:41,192:DEBUG:tag: NumberOfImages (45057) - type: long (4) - value: b'\x00\x00\x00\x02'
2024-12-28 18:51:41,192:DEBUG:tag: MPEntry (45058) - type: undefined (7) Tag Location: 46 - Data Location: 50 - value: b'\x00\x03\x00\x00\x00 \xff\xb0\x00\x00\x00\x00\x00\x00\x00\x00\x00\x00\x00\x00\x00\x05N\xf4\x00 \xbf\x17\x00\x00\x00\x00'
2024-12-28 18:51:42,428:DEBUG:tag: MPFVersion (45056) - type: undefined (7) - value: b'0100'
2024-12-28 18:51:42,428:DEBUG:tag: NumberOfImages (45057) - type: long (4) - value: b'\x00\x00\x00\x02'
2024-12-28 18:51:42,428:DEBUG:tag: MPEntry (45058) - type: undefined (7) Tag Location: 46 - Data Location: 50 - value: b'\x00\x03\x00\x00\x00\x12Pe\x00\x00\x00\x00\x00\x00\x00\x00\x00\x00\x00\x00\x00\x01\xa2\xfd\x00\x12 \xd2\x00\x00\x00\x00'
2024-12-28 18:51:43,135:DEBUG:tag: MPFVersion (45056) - type: undefined (7) - value: b'0100'
2024-12-28 18:51:43,135:DEBUG:tag: NumberOfImages (45057) - type: long (4) - value: b'\x00\x00\x00\x02'
2024-12-28 18:51:43,135:DEBUG:tag: MPEntry (45058) - type: undefined (7) Tag Location: 46 - Data Location: 50 - value: b'\x00\x03\x00\x00\x00\x19\xa9$\x00\x00\x00\x00\x00\x00\x00\x00\x00\x00\x00\x00\x00\x03\xa6A\x00\x19x\xdb\x00\x00\x00\x00'
2024-12-28 18:51:44,042:DEBUG:tag: MPFVersion (45056) - type: undefined (7) - value: b'0100'
2024-12-28 18:51:44,042:DEBUG:tag: NumberOfImages (45057) - type: long (4) - value: b'\x00\x00\x00\x02'
2024-12-28 18:51:44,042:DEBUG:tag: MPEntry (45058) - type: undefined (7) Tag Location: 46 - Data Location: 50 - value: b'\x00\x03\x00\x00\x00$\xc4>\x00\x00\x00\x00\x00\x00\x00\x00\x00\x00\x00\x00\x00\x04\x9e,\x00$\x8b\xa8\x00\x00\x00\x00'
2024-12-28 18:51:44,889:DEBUG:tag: Orientation (274) - type: short (3) - value: b'\x00\x01'
2024-12-28 18:51:44,889:DEBUG:tag: XResolution (282) - type: rational (5) Tag Location: 34 - Data Location: 86 - value: b'\x00\x00\x00H\x00\x00\x00\x01'
2024-12-28 18:51:44,889:DEBUG:tag: YResolution (283) - type: rational (5) Tag Location: 46 - Data Location: 94 - value: b'\x00\x00\x00H\x00\x00\x00\x01'
2024-12-28 18:51:44,889:DEBUG:tag: ResolutionUnit (296) - type: short (3) - value: b'\x00\x02'
2024-12-28 18:51:44,889:DEBUG:tag: YCbCrPositioning (531) - type: short (3) - value: b'\x00\x01'
2024-12-28 18:51:44,889:DEBUG:tag: ExifIFD (34665) - type: long (4) - value: b'\x00\x00\x00f'
2024-12-28 18:51:45,694:DEBUG:tag: MPFVersion (45056) - type: undefined (7) - value: b'0100'
2024-12-28 18:51:45,694:DEBUG:tag: NumberOfImages (45057) - type: long (4) - value: b'\x00\x00\x00\x02'
2024-12-28 18:51:45,694:DEBUG:tag: MPEntry (45058) - type: undefined (7) Tag Location: 46 - Data Location: 50 - value: b'\x00\x03\x00\x00\x00(\xe77\x00\x00\x00\x00\x00\x00\x00\x00\x00\x00\x00\x00\x00\x04\xe0\x9e\x00(\xa7\xd6\x00\x00\x00\x00'
2024-12-28 18:51:46,672:DEBUG:tag: MPFVersion (45056) - type: undefined (7) - value: b'0100'
2024-12-28 18:51:46,672:DEBUG:tag: NumberOfImages (45057) - type: long (4) - value: b'\x00\x00\x00\x02'
2024-12-28 18:51:46,672:DEBUG:tag: MPEntry (45058) - type: undefined (7) Tag Location: 46 - Data Location: 50 - value: b'\x00\x03\x00\x00\x001\xfbx\x00\x00\x00\x00\x00\x00\x00\x00\x00\x00\x00\x00\x00\x06J\x9b\x001\xbb\xa9\x00\x00\x00\x00'
2024-12-28 18:51:47,921:DEBUG:tag: MPFVersion (45056) - type: undefined (7) - value: b'0100'
2024-12-28 18:51:47,921:DEBUG:tag: NumberOfImages (45057) - type: long (4) - value: b'\x00\x00\x00\x02'
2024-12-28 18:51:47,921:DEBUG:tag: MPEntry (45058) - type: undefined (7) Tag Location: 46 - Data Location: 50 - value: b'\x00\x03\x00\x00\x00"\x83t\x00\x00\x00\x00\x00\x00\x00\x00\x00\x00\x00\x00\x00\x03\xe3\xce\x00"I\x7f\x00\x00\x00\x00'
2024-12-28 18:51:48,682:DEBUG:tag: MPFVersion (45056) - type: undefined (7) - value: b'0100'
2024-12-28 18:51:48,682:DEBUG:tag: NumberOfImages (45057) - type: long (4) - value: b'\x00\x00\x00\x02'
2024-12-28 18:51:48,682:DEBUG:tag: MPEntry (45058) - type: undefined (7) Tag Location: 46 - Data Location: 50 - value: b'\x00\x03\x00\x00\x00$\x08\xb7\x00\x00\x00\x00\x00\x00\x00\x00\x00\x00\x00\x00\x00\x05\xeb\xd1\x00#\xd2\x98\x00\x00\x00\x00'
2024-12-28 18:51:49,364:DEBUG:Collected 428 faces for training.
2024-12-28 18:51:50,452:INFO:Model trained and saved successfully.
2024-12-31 00:58:14,035:INFO:Application closed by user.
2024-12-31 00:58:39,178:INFO:Application closed by user.
2024-12-31 01:00:49,883:INFO:Starting image capture for Enrollment: 102166002, Name: Yash
2024-12-31 01:00:50,038:INFO:Starting image capture for Enrollment: 102166002, Name: Yash
2024-12-31 01:00:50,188:INFO:Starting image capture for Enrollment: 102166002, Name: Yash
2024-12-31 01:01:25,321:ERROR:Failed to read from the camera.
2024-12-31 01:01:25,426:INFO:Images saved for Enrollment: 102166002, Name: Yash
2024-12-31 01:01:25,509:ERROR:Failed to read from the camera.
2024-12-31 01:01:25,510:INFO:Images saved for Enrollment: 102166002, Name: Yash
2024-12-31 01:01:25,587:ERROR:Failed to read from the camera.
2024-12-31 01:01:25,588:INFO:Images saved for Enrollment: 102166002, Name: Yash
2024-12-31 01:01:41,324:INFO:Starting image capture for Enrollment: 102166002, Name: Yash
2024-12-31 01:01:41,554:INFO:Starting image capture for Enrollment: 102166002, Name: Yash
2024-12-31 01:01:41,742:INFO:Starting image capture for Enrollment: 102166002, Name: Yash
2024-12-31 01:01:51,354:INFO:Images saved for Enrollment: 102166002, Name: Yash
2024-12-31 01:01:51,950:INFO:Images saved for Enrollment: 102166002, Name: Yash
2024-12-31 01:01:52,280:INFO:Images saved for Enrollment: 102166002, Name: Yash
2024-12-31 01:02:16,506:INFO:Model training started.
2024-12-31 01:02:16,746:DEBUG:tag: MPFVersion (45056) - type: undefined (7) - value: b'0100'
2024-12-31 01:02:16,746:DEBUG:tag: NumberOfImages (45057) - type: long (4) - value: b'\x00\x00\x00\x02'
2024-12-31 01:02:16,746:DEBUG:tag: MPEntry (45058) - type: undefined (7) Tag Location: 46 - Data Location: 50 - value: b'\x00\x03\x00\x00\x00 \xff\xb0\x00\x00\x00\x00\x00\x00\x00\x00\x00\x00\x00\x00\x00\x05N\xf4\x00 \xbf\x17\x00\x00\x00\x00'
2024-12-31 01:02:17,919:DEBUG:tag: MPFVersion (45056) - type: undefined (7) - value: b'0100'
2024-12-31 01:02:17,921:DEBUG:tag: NumberOfImages (45057) - type: long (4) - value: b'\x00\x00\x00\x02'
2024-12-31 01:02:17,921:DEBUG:tag: MPEntry (45058) - type: undefined (7) Tag Location: 46 - Data Location: 50 - value: b'\x00\x03\x00\x00\x00\x12Pe\x00\x00\x00\x00\x00\x00\x00\x00\x00\x00\x00\x00\x00\x01\xa2\xfd\x00\x12 \xd2\x00\x00\x00\x00'
2024-12-31 01:02:18,627:DEBUG:tag: MPFVersion (45056) - type: undefined (7) - value: b'0100'
2024-12-31 01:02:18,627:DEBUG:tag: NumberOfImages (45057) - type: long (4) - value: b'\x00\x00\x00\x02'
2024-12-31 01:02:18,627:DEBUG:tag: MPEntry (45058) - type: undefined (7) Tag Location: 46 - Data Location: 50 - value: b'\x00\x03\x00\x00\x00\x19\xa9$\x00\x00\x00\x00\x00\x00\x00\x00\x00\x00\x00\x00\x00\x03\xa6A\x00\x19x\xdb\x00\x00\x00\x00'
2024-12-31 01:02:19,555:DEBUG:tag: MPFVersion (45056) - type: undefined (7) - value: b'0100'
2024-12-31 01:02:19,555:DEBUG:tag: NumberOfImages (45057) - type: long (4) - value: b'\x00\x00\x00\x02'
2024-12-31 01:02:19,555:DEBUG:tag: MPEntry (45058) - type: undefined (7) Tag Location: 46 - Data Location: 50 - value: b'\x00\x03\x00\x00\x00$\xc4>\x00\x00\x00\x00\x00\x00\x00\x00\x00\x00\x00\x00\x00\x04\x9e,\x00$\x8b\xa8\x00\x00\x00\x00'
2024-12-31 01:02:20,428:DEBUG:tag: Orientation (274) - type: short (3) - value: b'\x00\x01'
2024-12-31 01:02:20,428:DEBUG:tag: XResolution (282) - type: rational (5) Tag Location: 34 - Data Location: 86 - value: b'\x00\x00\x00H\x00\x00\x00\x01'
2024-12-31 01:02:20,428:DEBUG:tag: YResolution (283) - type: rational (5) Tag Location: 46 - Data Location: 94 - value: b'\x00\x00\x00H\x00\x00\x00\x01'
2024-12-31 01:02:20,428:DEBUG:tag: ResolutionUnit (296) - type: short (3) - value: b'\x00\x02'
2024-12-31 01:02:20,428:DEBUG:tag: YCbCrPositioning (531) - type: short (3) - value: b'\x00\x01'
2024-12-31 01:02:20,428:DEBUG:tag: ExifIFD (34665) - type: long (4) - value: b'\x00\x00\x00f'
2024-12-31 01:02:21,266:DEBUG:tag: MPFVersion (45056) - type: undefined (7) - value: b'0100'
2024-12-31 01:02:21,266:DEBUG:tag: NumberOfImages (45057) - type: long (4) - value: b'\x00\x00\x00\x02'
2024-12-31 01:02:21,266:DEBUG:tag: MPEntry (45058) - type: undefined (7) Tag Location: 46 - Data Location: 50 - value: b'\x00\x03\x00\x00\x00(\xe77\x00\x00\x00\x00\x00\x00\x00\x00\x00\x00\x00\x00\x00\x04\xe0\x9e\x00(\xa7\xd6\x00\x00\x00\x00'
2024-12-31 01:02:22,240:DEBUG:tag: MPFVersion (45056) - type: undefined (7) - value: b'0100'
2024-12-31 01:02:22,240:DEBUG:tag: NumberOfImages (45057) - type: long (4) - value: b'\x00\x00\x00\x02'
2024-12-31 01:02:22,240:DEBUG:tag: MPEntry (45058) - type: undefined (7) Tag Location: 46 - Data Location: 50 - value: b'\x00\x03\x00\x00\x001\xfbx\x00\x00\x00\x00\x00\x00\x00\x00\x00\x00\x00\x00\x00\x06J\x9b\x001\xbb\xa9\x00\x00\x00\x00'
2024-12-31 01:02:23,472:DEBUG:tag: MPFVersion (45056) - type: undefined (7) - value: b'0100'
2024-12-31 01:02:23,472:DEBUG:tag: NumberOfImages (45057) - type: long (4) - value: b'\x00\x00\x00\x02'
2024-12-31 01:02:23,472:DEBUG:tag: MPEntry (45058) - type: undefined (7) Tag Location: 46 - Data Location: 50 - value: b'\x00\x03\x00\x00\x00"\x83t\x00\x00\x00\x00\x00\x00\x00\x00\x00\x00\x00\x00\x00\x03\xe3\xce\x00"I\x7f\x00\x00\x00\x00'
2024-12-31 01:02:24,251:DEBUG:tag: MPFVersion (45056) - type: undefined (7) - value: b'0100'
2024-12-31 01:02:24,251:DEBUG:tag: NumberOfImages (45057) - type: long (4) - value: b'\x00\x00\x00\x02'
2024-12-31 01:02:24,252:DEBUG:tag: MPEntry (45058) - type: undefined (7) Tag Location: 46 - Data Location: 50 - value: b'\x00\x03\x00\x00\x00$\x08\xb7\x00\x00\x00\x00\x00\x00\x00\x00\x00\x00\x00\x00\x00\x05\xeb\xd1\x00#\xd2\x98\x00\x00\x00\x00'
2024-12-31 01:02:24,964:DEBUG:Collected 436 faces for training.
2024-12-31 01:02:26,176:INFO:Model trained and saved successfully.
2024-12-31 01:03:39,991:INFO:Application closed by user.
2024-12-31 01:03:48,476:INFO:Application closed by user.
2024-12-31 18:36:01,565:INFO:Starting image capture for Enrollment: 102166009, Name: Vyom
2024-12-31 18:36:20,976:INFO:Images saved for Enrollment: 102166009, Name: Vyom
2024-12-31 18:36:45,670:INFO:Admin admin logged in successfully.
2024-12-31 18:36:45,696:INFO:Loaded StudentDetails.csv successfully.
2024-12-31 18:36:58,729:INFO:Model training started.
2024-12-31 18:36:59,327:DEBUG:Collected 57 faces for training.
2024-12-31 18:36:59,530:INFO:Model trained and saved successfully.
2024-12-31 18:37:15,549:INFO:Application closed by user.
2024-12-31 18:41:48,903:INFO:Starting image capture for Enrollment: 213, Name: r
2024-12-31 18:41:57,009:INFO:Images saved for Enrollment: 213, Name: r
2024-12-31 18:42:05,962:INFO:Application closed by user.
2024-12-31 18:49:12,144:WARNING:Attempted to take images without enrollment or name.
2024-12-31 18:49:16,747:INFO:Starting image capture for Enrollment: 23, Name: e
2024-12-31 18:49:25,053:INFO:Images saved for Enrollment: 23, Name: e
2024-12-31 18:49:35,842:INFO:Model training started.
2024-12-31 18:49:38,082:DEBUG:Collected 192 faces for training.
2024-12-31 18:49:38,846:INFO:Model trained and saved successfully.
2024-12-31 18:49:41,208:WARNING:Attempted to fill attendance without entering subject.
2024-12-31 18:49:45,475:INFO:Starting attendance process for subject: yxshee
2024-12-31 18:50:07,243:INFO:Attendance recorded and saved to /Users/venom/Downloads/real_time_face_attendance/Attendance/yxshee_2024-12-31_18-50-07.csv
2024-12-31 18:50:07,274:ERROR:Database Error: (2003, "Can't connect to MySQL server on 'localhost' ([Errno 61] Connection refused)")
Traceback (most recent call last):
  File "/Library/Frameworks/Python.framework/Versions/3.10/lib/python3.10/site-packages/pymysql/connections.py", line 649, in connect
    sock = socket.create_connection(
  File "/Library/Frameworks/Python.framework/Versions/3.10/lib/python3.10/socket.py", line 845, in create_connection
    raise err
  File "/Library/Frameworks/Python.framework/Versions/3.10/lib/python3.10/socket.py", line 833, in create_connection
    sock.connect(sa)
ConnectionRefusedError: [Errno 61] Connection refused

During handling of the above exception, another exception occurred:

Traceback (most recent call last):
  File "/Users/venom/Downloads/real_time_face_attendance/system.py", line 473, in fill_attendance
    connection = pymysql.connect(host=DB_HOST, user=DB_USER, password=DB_PASSWORD, db=DB_NAME)
  File "/Library/Frameworks/Python.framework/Versions/3.10/lib/python3.10/site-packages/pymysql/connections.py", line 361, in __init__
    self.connect()
  File "/Library/Frameworks/Python.framework/Versions/3.10/lib/python3.10/site-packages/pymysql/connections.py", line 716, in connect
    raise exc
pymysql.err.OperationalError: (2003, "Can't connect to MySQL server on 'localhost' ([Errno 61] Connection refused)")
2024-12-31 18:51:41,333:INFO:Application closed by user.
2024-12-31 18:52:19,692:INFO:Starting image capture for Enrollment: 423, Name: t
2024-12-31 18:52:32,539:INFO:Images saved for Enrollment: 423, Name: t
2024-12-31 18:54:15,350:INFO:Application closed by user.
2024-12-31 18:54:30,494:INFO:Starting attendance process for subject: v
2024-12-31 18:54:54,233:INFO:Attendance recorded and saved to /Users/venom/Downloads/real_time_face_attendance/Attendance/v_2024-12-31_18-54-54.csv
2024-12-31 18:54:54,253:ERROR:Database Error: (2003, "Can't connect to MySQL server on 'localhost' ([Errno 61] Connection refused)")
Traceback (most recent call last):
  File "/Library/Frameworks/Python.framework/Versions/3.10/lib/python3.10/site-packages/pymysql/connections.py", line 649, in connect
    sock = socket.create_connection(
  File "/Library/Frameworks/Python.framework/Versions/3.10/lib/python3.10/socket.py", line 845, in create_connection
    raise err
  File "/Library/Frameworks/Python.framework/Versions/3.10/lib/python3.10/socket.py", line 833, in create_connection
    sock.connect(sa)
ConnectionRefusedError: [Errno 61] Connection refused

During handling of the above exception, another exception occurred:

Traceback (most recent call last):
  File "/Users/venom/Downloads/real_time_face_attendance/system.py", line 476, in fill_attendance
    connection = pymysql.connect(host=DB_HOST, user=DB_USER, password=DB_PASSWORD, db=DB_NAME)
  File "/Library/Frameworks/Python.framework/Versions/3.10/lib/python3.10/site-packages/pymysql/connections.py", line 361, in __init__
    self.connect()
  File "/Library/Frameworks/Python.framework/Versions/3.10/lib/python3.10/site-packages/pymysql/connections.py", line 716, in connect
    raise exc
pymysql.err.OperationalError: (2003, "Can't connect to MySQL server on 'localhost' ([Errno 61] Connection refused)")
2024-12-31 18:55:57,329:INFO:Application closed by user.
2024-12-31 18:56:02,318:ERROR:Database Connection Error: (2003, "Can't connect to MySQL server on 'localhost' ([Errno 61] Connection refused)")
2024-12-31 18:56:12,264:ERROR:Database Connection Error: (2003, "Can't connect to MySQL server on 'localhost' ([Errno 61] Connection refused)")
2024-12-31 18:57:16,089:ERROR:Database Connection Error: (2003, "Can't connect to MySQL server on 'localhost' ([Errno 61] Connection refused)")
2024-12-31 18:59:12,098:ERROR:Database Connection Error: (2003, "Can't connect to MySQL server on 'localhost' ([Errno 61] Connection refused)")
2024-12-31 19:02:01,797:ERROR:Database Connection Error on attempt 1: (2003, "Can't connect to MySQL server on 'localhost' ([Errno 61] Connection refused)")
2024-12-31 19:03:01,254:ERROR:Database Connection Error on attempt 1: (2003, "Can't connect to MySQL server on 'localhost' ([Errno 61] Connection refused)")
2024-12-31 19:03:01,255:INFO:Retrying in 5 seconds...
2024-12-31 19:03:06,280:ERROR:Database Connection Error on attempt 2: (2003, "Can't connect to MySQL server on 'localhost' ([Errno 61] Connection refused)")
2024-12-31 19:03:06,281:INFO:Retrying in 5 seconds...
2024-12-31 19:03:11,286:ERROR:Database Connection Error on attempt 3: (2003, "Can't connect to MySQL server on 'localhost' ([Errno 61] Connection refused)")
2024-12-31 19:03:11,287:INFO:Retrying in 5 seconds...
2024-12-31 19:03:16,300:ERROR:Database Connection Error on attempt 4: (2003, "Can't connect to MySQL server on 'localhost' ([Errno 61] Connection refused)")
2024-12-31 19:03:16,301:INFO:Retrying in 5 seconds...
2024-12-31 19:03:21,308:ERROR:Database Connection Error on attempt 5: (2003, "Can't connect to MySQL server on 'localhost' ([Errno 61] Connection refused)")
2024-12-31 19:03:25,873:ERROR:Database Connection Error on attempt 1: (2003, "Can't connect to MySQL server on 'localhost' ([Errno 61] Connection refused)")
2024-12-31 19:03:25,873:INFO:Retrying in 5 seconds...
2024-12-31 19:03:30,877:ERROR:Database Connection Error on attempt 2: (2003, "Can't connect to MySQL server on 'localhost' ([Errno 61] Connection refused)")
2024-12-31 19:03:30,877:INFO:Retrying in 5 seconds...
2024-12-31 19:03:35,885:ERROR:Database Connection Error on attempt 3: (2003, "Can't connect to MySQL server on 'localhost' ([Errno 61] Connection refused)")
2024-12-31 19:03:35,885:INFO:Retrying in 5 seconds...
2024-12-31 19:03:40,894:ERROR:Database Connection Error on attempt 4: (2003, "Can't connect to MySQL server on 'localhost' ([Errno 61] Connection refused)")
2024-12-31 19:03:40,894:INFO:Retrying in 5 seconds...
2024-12-31 19:03:45,904:ERROR:Database Connection Error on attempt 5: (2003, "Can't connect to MySQL server on 'localhost' ([Errno 61] Connection refused)")
2024-12-31 19:04:06,256:WARNING:Attempted to fill attendance without entering subject.
2024-12-31 19:04:10,555:INFO:Starting attendance process for subject: c
2024-12-31 19:04:15,541:INFO:Application closed by user.
2024-12-31 19:05:10,876:INFO:Application closed by user.
2024-12-31 19:05:11,452:ERROR:Database Connection Error on attempt 1: (2003, "Can't connect to MySQL server on 'localhost' ([Errno 61] Connection refused)")
2024-12-31 19:05:11,452:INFO:Retrying in 5 seconds...
2024-12-31 19:05:16,461:ERROR:Database Connection Error on attempt 2: (2003, "Can't connect to MySQL server on 'localhost' ([Errno 61] Connection refused)")
2024-12-31 19:05:16,462:INFO:Retrying in 5 seconds...
2024-12-31 19:05:21,478:ERROR:Database Connection Error on attempt 3: (2003, "Can't connect to MySQL server on 'localhost' ([Errno 61] Connection refused)")
2024-12-31 19:05:21,479:INFO:Retrying in 5 seconds...
2024-12-31 19:05:26,481:ERROR:Database Connection Error on attempt 4: (2003, "Can't connect to MySQL server on 'localhost' ([Errno 61] Connection refused)")
2024-12-31 19:05:26,481:INFO:Retrying in 5 seconds...
2024-12-31 19:05:31,489:ERROR:Database Connection Error on attempt 5: (2003, "Can't connect to MySQL server on 'localhost' ([Errno 61] Connection refused)")
2024-12-31 19:05:35,004:ERROR:Database Connection Error on attempt 1: (2003, "Can't connect to MySQL server on 'localhost' ([Errno 61] Connection refused)")
2024-12-31 19:05:35,004:INFO:Retrying in 5 seconds...
2024-12-31 19:05:40,016:ERROR:Database Connection Error on attempt 2: (2003, "Can't connect to MySQL server on 'localhost' ([Errno 61] Connection refused)")
2024-12-31 19:05:40,017:INFO:Retrying in 5 seconds...
2024-12-31 19:05:45,024:ERROR:Database Connection Error on attempt 3: (2003, "Can't connect to MySQL server on 'localhost' ([Errno 61] Connection refused)")
2024-12-31 19:05:45,026:INFO:Retrying in 5 seconds...
2024-12-31 19:05:50,040:ERROR:Database Connection Error on attempt 4: (2003, "Can't connect to MySQL server on 'localhost' ([Errno 61] Connection refused)")
2024-12-31 19:05:50,041:INFO:Retrying in 5 seconds...
2024-12-31 19:05:55,053:ERROR:Database Connection Error on attempt 5: (2003, "Can't connect to MySQL server on 'localhost' ([Errno 61] Connection refused)")
2024-12-31 19:05:57,745:ERROR:Database Connection Error: (2003, "Can't connect to MySQL server on 'localhost' ([Errno 61] Connection refused)")
2024-12-31 19:06:25,337:INFO:Starting attendance process for subject: w
2024-12-31 19:06:30,458:INFO:Application closed by user.
2024-12-31 19:07:48,192:INFO:Starting attendance process for subject: q
2024-12-31 19:07:53,922:INFO:Application closed by user.
2024-12-31 19:09:35,396:WARNING:Attempted to fill attendance without entering subject.
2024-12-31 19:09:37,203:INFO:Starting attendance process for subject: v
2024-12-31 19:09:42,289:INFO:Application closed by user.
2024-12-31 19:09:46,993:WARNING:Attempted to take images without enrollment or name.
2024-12-31 19:10:10,605:INFO:Starting attendance process for subject: v
2024-12-31 19:10:15,790:INFO:Application closed by user.
2024-12-31 19:15:25,802:INFO:Starting attendance process for subject: q
2024-12-31 19:15:47,852:INFO:Attendance recorded and saved to /Users/venom/Downloads/real_time_face_attendance/Attendance/q_2024-12-31_19-15-47.csv
2024-12-31 19:15:47,868:ERROR:Database Error: (2003, "Can't connect to MySQL server on 'localhost' ([Errno 61] Connection refused)")
Traceback (most recent call last):
  File "/Library/Frameworks/Python.framework/Versions/3.10/lib/python3.10/site-packages/pymysql/connections.py", line 649, in connect
    sock = socket.create_connection(
  File "/Library/Frameworks/Python.framework/Versions/3.10/lib/python3.10/socket.py", line 845, in create_connection
    raise err
  File "/Library/Frameworks/Python.framework/Versions/3.10/lib/python3.10/socket.py", line 833, in create_connection
    sock.connect(sa)
ConnectionRefusedError: [Errno 61] Connection refused

During handling of the above exception, another exception occurred:

Traceback (most recent call last):
  File "/Users/venom/Downloads/real_time_face_attendance/system.py", line 482, in fill_attendance
    with connection.cursor() as mycursor:
  File "/Library/Frameworks/Python.framework/Versions/3.10/lib/python3.10/site-packages/pymysql/connections.py", line 361, in __init__
    self.connect()
  File "/Library/Frameworks/Python.framework/Versions/3.10/lib/python3.10/site-packages/pymysql/connections.py", line 716, in connect
    raise exc
pymysql.err.OperationalError: (2003, "Can't connect to MySQL server on 'localhost' ([Errno 61] Connection refused)")
2024-12-31 19:17:42,665:INFO:Application closed by user.
2024-12-31 19:20:06,544:INFO:Application closed by user.
2024-12-31 19:20:17,402:INFO:Starting attendance process for subject: e
2024-12-31 19:20:29,708:INFO:Application closed by user.
2024-12-31 19:20:51,319:INFO:Starting attendance process for subject: er
2024-12-31 19:21:03,106:INFO:Application closed by user.
2024-12-31 19:21:14,536:INFO:Starting attendance process for subject: w
2024-12-31 19:21:22,558:INFO:Application closed by user.
2024-12-31 19:21:41,053:INFO:Starting attendance process for subject: w
2024-12-31 19:22:03,047:INFO:Attendance recorded and saved to /Users/venom/Downloads/real_time_face_attendance/Attendance/w_2024-12-31_19-22-03.csv
2024-12-31 19:22:03,089:ERROR:Database Error: (2003, "Can't connect to MySQL server on 'localhost' ([Errno 61] Connection refused)")
Traceback (most recent call last):
  File "/Library/Frameworks/Python.framework/Versions/3.10/lib/python3.10/site-packages/pymysql/connections.py", line 649, in connect
    sock = socket.create_connection(
  File "/Library/Frameworks/Python.framework/Versions/3.10/lib/python3.10/socket.py", line 845, in create_connection
    raise err
  File "/Library/Frameworks/Python.framework/Versions/3.10/lib/python3.10/socket.py", line 833, in create_connection
    sock.connect(sa)
ConnectionRefusedError: [Errno 61] Connection refused

During handling of the above exception, another exception occurred:

Traceback (most recent call last):
  File "/Users/venom/Downloads/real_time_face_attendance/system.py", line 498, in fill_attendance
    connection = pymysql.connect(host=DB_HOST, user=DB_USER, password=DB_PASSWORD, db=DB_NAME)
  File "/Library/Frameworks/Python.framework/Versions/3.10/lib/python3.10/site-packages/pymysql/connections.py", line 361, in __init__
    self.connect()
  File "/Library/Frameworks/Python.framework/Versions/3.10/lib/python3.10/site-packages/pymysql/connections.py", line 716, in connect
    raise exc
pymysql.err.OperationalError: (2003, "Can't connect to MySQL server on 'localhost' ([Errno 61] Connection refused)")
2024-12-31 19:22:09,672:INFO:Application closed by user.
2024-12-31 19:22:19,685:INFO:Starting attendance process for subject: q
2024-12-31 19:22:40,856:INFO:Application closed by user.
2024-12-31 19:22:51,134:INFO:Starting attendance process for subject: tt
2024-12-31 19:23:08,723:INFO:Application closed by user.
2024-12-31 19:23:15,387:WARNING:Attempted to take images without enrollment or name.
2024-12-31 19:23:19,433:INFO:Starting attendance process for subject: e
2024-12-31 19:23:33,238:INFO:Application closed by user.
2024-12-31 19:23:47,574:INFO:Application closed by user.
2024-12-31 19:23:50,968:WARNING:Attempted to fill attendance without entering subject.
2024-12-31 19:23:53,852:INFO:Starting attendance process for subject: r
2024-12-31 19:24:14,849:INFO:Starting attendance process for subject: yash
2024-12-31 19:24:15,822:INFO:Attendance recorded and saved to /Users/venom/Downloads/real_time_face_attendance/Attendance/r_2024-12-31_19-24-15.csv
2024-12-31 19:24:15,858:ERROR:Database Error: (2003, "Can't connect to MySQL server on 'localhost' ([Errno 61] Connection refused)")
Traceback (most recent call last):
  File "/Library/Frameworks/Python.framework/Versions/3.10/lib/python3.10/site-packages/pymysql/connections.py", line 649, in connect
    sock = socket.create_connection(
  File "/Library/Frameworks/Python.framework/Versions/3.10/lib/python3.10/socket.py", line 845, in create_connection
    raise err
  File "/Library/Frameworks/Python.framework/Versions/3.10/lib/python3.10/socket.py", line 833, in create_connection
    sock.connect(sa)
ConnectionRefusedError: [Errno 61] Connection refused

During handling of the above exception, another exception occurred:

Traceback (most recent call last):
  File "/Users/venom/Downloads/real_time_face_attendance/system.py", line 498, in fill_attendance
    connection = pymysql.connect(host=DB_HOST, user=DB_USER, password=DB_PASSWORD, db=DB_NAME)
  File "/Library/Frameworks/Python.framework/Versions/3.10/lib/python3.10/site-packages/pymysql/connections.py", line 361, in __init__
    self.connect()
  File "/Library/Frameworks/Python.framework/Versions/3.10/lib/python3.10/site-packages/pymysql/connections.py", line 716, in connect
    raise exc
pymysql.err.OperationalError: (2003, "Can't connect to MySQL server on 'localhost' ([Errno 61] Connection refused)")
2024-12-31 19:24:35,590:INFO:Attendance recorded and saved to /Users/venom/Downloads/real_time_face_attendance/Attendance/yash_2024-12-31_19-24-35.csv
2024-12-31 19:24:35,592:ERROR:Database Error: (2003, "Can't connect to MySQL server on 'localhost' ([Errno 61] Connection refused)")
Traceback (most recent call last):
  File "/Library/Frameworks/Python.framework/Versions/3.10/lib/python3.10/site-packages/pymysql/connections.py", line 649, in connect
    sock = socket.create_connection(
  File "/Library/Frameworks/Python.framework/Versions/3.10/lib/python3.10/socket.py", line 845, in create_connection
    raise err
  File "/Library/Frameworks/Python.framework/Versions/3.10/lib/python3.10/socket.py", line 833, in create_connection
    sock.connect(sa)
ConnectionRefusedError: [Errno 61] Connection refused

During handling of the above exception, another exception occurred:

Traceback (most recent call last):
  File "/Users/venom/Downloads/real_time_face_attendance/system.py", line 498, in fill_attendance
    connection = pymysql.connect(host=DB_HOST, user=DB_USER, password=DB_PASSWORD, db=DB_NAME)
  File "/Library/Frameworks/Python.framework/Versions/3.10/lib/python3.10/site-packages/pymysql/connections.py", line 361, in __init__
    self.connect()
  File "/Library/Frameworks/Python.framework/Versions/3.10/lib/python3.10/site-packages/pymysql/connections.py", line 716, in connect
    raise exc
pymysql.err.OperationalError: (2003, "Can't connect to MySQL server on 'localhost' ([Errno 61] Connection refused)")
2024-12-31 19:27:17,042:INFO:Application closed by user.
2024-12-31 19:27:18,316:WARNING:Database server not accessible at startup. Operating in CSV-only mode.
2024-12-31 19:27:22,383:INFO:Starting attendance process for subject: yash
2024-12-31 19:27:44,586:INFO:Attendance recorded and saved to /Users/venom/Downloads/real_time_face_attendance/Attendance/yash_2024-12-31_19-27-44.csv
2024-12-31 19:27:44,588:WARNING:Database server not accessible, proceeding with CSV only mode.
2024-12-31 19:27:44,589:INFO:Attendance filled successfully.
2024-12-31 19:28:17,955:INFO:Starting image capture for Enrollment: 102166003, Name: Ansh
2024-12-31 19:28:24,217:INFO:Images saved for Enrollment: 102166003, Name: Ansh
2024-12-31 19:28:42,598:INFO:Starting image capture for Enrollment: 102166002, Name: yash
2024-12-31 19:28:57,322:INFO:Application closed by user.
2024-12-31 19:28:59,062:WARNING:Database server not accessible at startup. Operating in CSV-only mode.
2024-12-31 19:30:00,273:INFO:Application closed by user.
2024-12-31 19:30:01,286:WARNING:Database server not accessible at startup. Operating in CSV-only mode.
2024-12-31 19:30:11,472:INFO:Starting image capture for Enrollment: 102166002, Name: Yash
2024-12-31 19:30:19,867:INFO:Images saved for Enrollment: 102166002, Name: Yash
2024-12-31 19:30:22,835:INFO:Model training started.
2024-12-31 19:30:26,318:DEBUG:Collected 401 faces for training.
2024-12-31 19:30:27,618:INFO:Model trained and saved successfully.
2024-12-31 19:30:31,670:WARNING:Attempted to fill attendance without entering subject.
2024-12-31 19:30:41,137:INFO:Starting attendance process for subject: Yash
2024-12-31 19:31:03,373:INFO:Attendance recorded and saved to /Users/venom/Downloads/real_time_face_attendance/Attendance/Yash_2024-12-31_19-31-03.csv
2024-12-31 19:31:03,415:WARNING:Database server not accessible, proceeding with CSV only mode.
2024-12-31 19:31:03,418:INFO:Attendance filled successfully.
2024-12-31 19:31:23,545:INFO:Admin admin logged in successfully.
2024-12-31 19:31:23,560:INFO:Loaded StudentDetails.csv successfully.
2024-12-31 19:32:13,993:INFO:Application closed by user.
2024-12-31 19:32:15,169:WARNING:Database server not accessible at startup. Operating in CSV-only mode.
2024-12-31 19:32:18,672:INFO:Application closed by user.
2024-12-31 19:32:19,324:WARNING:Database server not accessible at startup. Operating in CSV-only mode.
2024-12-31 19:32:21,805:INFO:Application closed by user.
2024-12-31 19:32:22,390:WARNING:Database server not accessible at startup. Operating in CSV-only mode.
2024-12-31 19:35:53,633:INFO:Application closed by user.
2024-12-31 19:35:54,969:WARNING:Database server not accessible at startup. Operating in CSV-only mode.
2024-12-31 19:36:07,572:INFO:Starting image capture for Enrollment: 102166002, Name: Yash
2024-12-31 19:36:15,634:INFO:Images saved for Enrollment: 102166002, Name: Yash
2024-12-31 19:36:29,133:INFO:Starting image capture for Enrollment: 102166002, Name: Yash
2024-12-31 19:36:30,067:INFO:Starting image capture for Enrollment: 102166002, Name: Yash
2024-12-31 19:36:30,250:INFO:Starting image capture for Enrollment: 102166002, Name: Yash
2024-12-31 19:36:36,652:INFO:Images saved for Enrollment: 102166002, Name: Yash
2024-12-31 19:36:37,284:INFO:Images saved for Enrollment: 102166002, Name: Yash
2024-12-31 19:36:37,977:INFO:Images saved for Enrollment: 102166002, Name: Yash
2024-12-31 19:36:41,785:INFO:Model training started.
2024-12-31 19:36:45,278:DEBUG:Collected 402 faces for training.
2024-12-31 19:36:46,744:INFO:Model trained and saved successfully.
2024-12-31 19:36:50,503:WARNING:Attempted to fill attendance without entering subject.
2024-12-31 19:36:51,753:WARNING:Attempted to fill attendance without entering subject.
2024-12-31 19:36:54,501:WARNING:Attempted to fill attendance without entering subject.
2024-12-31 19:36:54,719:WARNING:Attempted to fill attendance without entering subject.
2024-12-31 19:36:56,652:WARNING:Attempted to fill attendance without entering subject.
2024-12-31 19:37:01,952:INFO:Starting attendance process for subject: yash
2024-12-31 19:37:24,056:INFO:Attendance recorded and saved to /Users/venom/Downloads/real_time_face_attendance/Attendance/yash_2024-12-31_19-37-24.csv
2024-12-31 19:37:24,082:WARNING:Database server not accessible, proceeding with CSV only mode.
2024-12-31 19:37:24,083:INFO:Attendance filled successfully.
2024-12-31 19:40:13,219:INFO:Application closed by user.
2024-12-31 19:40:14,886:WARNING:Database server not accessible at startup. Operating in CSV-only mode.
2024-12-31 19:40:17,616:WARNING:Attempted to take images without enrollment or name.
2024-12-31 19:40:30,480:INFO:Starting image capture for Enrollment: 102166002, Name: Yash
2024-12-31 19:40:39,001:INFO:Images saved for Enrollment: 102166002, Name: Yash
2024-12-31 19:40:48,868:INFO:Model training started.
2024-12-31 19:40:52,257:DEBUG:Collected 403 faces for training.
2024-12-31 19:40:53,553:INFO:Model trained and saved successfully.
2024-12-31 19:40:55,987:WARNING:Attempted to fill attendance without entering subject.
2024-12-31 19:40:57,485:WARNING:Attempted to fill attendance without entering subject.
2024-12-31 19:41:01,834:INFO:Starting attendance process for subject: Yash
2024-12-31 19:41:23,871:INFO:Attendance recorded and saved to /Users/venom/Downloads/real_time_face_attendance/Attendance/Yash_2024-12-31_19-41-23.csv
2024-12-31 19:41:23,881:WARNING:Database server not accessible, proceeding with CSV only mode.
2024-12-31 19:41:23,881:INFO:Attendance filled successfully.
2024-12-31 19:44:24,425:INFO:Application closed by user.
2024-12-31 19:44:25,991:WARNING:Database server not accessible at startup. Operating in CSV-only mode.
2024-12-31 19:44:29,820:INFO:Application closed by user.
2024-12-31 19:44:30,639:WARNING:Database server not accessible at startup. Operating in CSV-only mode.
2024-12-31 19:46:16,862:INFO:Application closed by user.
2024-12-31 19:46:18,171:WARNING:Could not load logo: [Errno 2] No such file or directory: '/Users/venom/Downloads/real_time_face_attendance/images/logo.png'
2024-12-31 19:46:18,176:WARNING:Database server not accessible at startup. Operating in CSV-only mode.
2024-12-31 19:46:29,609:INFO:Starting attendance process for subject: yash
2024-12-31 19:46:52,018:INFO:Attendance recorded and saved to /Users/venom/Downloads/real_time_face_attendance/Attendance/yash_2024-12-31_19-46-52.csv
2024-12-31 19:46:52,045:WARNING:Database server not accessible, proceeding with CSV only mode.
2024-12-31 19:46:52,046:INFO:Attendance filled successfully.
2024-12-31 19:47:49,694:INFO:Starting image capture for Enrollment: 1603, Name: Rakesh
2024-12-31 19:47:59,904:INFO:Images saved for Enrollment: 1603, Name: Rakesh
2024-12-31 19:48:11,687:INFO:Model training started.
2024-12-31 19:48:15,621:DEBUG:Collected 472 faces for training.
2024-12-31 19:48:17,137:INFO:Model trained and saved successfully.
2024-12-31 19:48:34,300:INFO:Starting attendance process for subject: Rakesh
2024-12-31 19:48:56,364:INFO:Attendance recorded and saved to /Users/venom/Downloads/real_time_face_attendance/Attendance/Rakesh_2024-12-31_19-48-56.csv
2024-12-31 19:48:56,395:WARNING:Database server not accessible, proceeding with CSV only mode.
2024-12-31 19:48:56,396:INFO:Attendance filled successfully.
2024-12-31 19:49:34,469:INFO:Starting image capture for Enrollment: 1612, Name: Ansh
2024-12-31 19:49:41,159:INFO:Images saved for Enrollment: 1612, Name: Ansh
2024-12-31 19:49:44,232:INFO:Starting image capture for Enrollment: 1612, Name: Ansh
2024-12-31 19:49:50,947:INFO:Images saved for Enrollment: 1612, Name: Ansh
2024-12-31 19:49:54,782:INFO:Model training started.
2024-12-31 19:49:58,879:DEBUG:Collected 541 faces for training.
2024-12-31 19:50:00,471:INFO:Model trained and saved successfully.
2024-12-31 19:50:33,138:INFO:Starting attendance process for subject: Ansh
2024-12-31 19:50:55,452:INFO:Attendance recorded and saved to /Users/venom/Downloads/real_time_face_attendance/Attendance/Ansh_2024-12-31_19-50-55.csv
2024-12-31 19:50:55,461:WARNING:Database server not accessible, proceeding with CSV only mode.
2024-12-31 19:50:55,462:INFO:Attendance filled successfully.
2024-12-31 19:51:20,897:INFO:Starting image capture for Enrollment: 0809, Name: Kalpana
2024-12-31 19:51:27,675:INFO:Images saved for Enrollment: 0809, Name: Kalpana
2024-12-31 19:51:40,626:INFO:Starting image capture for Enrollment: 0809, Name: Kalpana
2024-12-31 19:51:47,333:INFO:Images saved for Enrollment: 0809, Name: Kalpana
2024-12-31 19:51:54,880:INFO:Model training started.
2024-12-31 19:51:59,413:DEBUG:Collected 610 faces for training.
2024-12-31 19:52:01,247:INFO:Model trained and saved successfully.
2024-12-31 19:52:30,682:INFO:Starting attendance process for subject: Kalpana
2024-12-31 19:52:53,059:INFO:Attendance recorded and saved to /Users/venom/Downloads/real_time_face_attendance/Attendance/Kalpana_2024-12-31_19-52-53.csv
2024-12-31 19:52:53,078:WARNING:Database server not accessible, proceeding with CSV only mode.
2024-12-31 19:52:53,080:INFO:Attendance filled successfully.
2024-12-31 19:53:02,932:INFO:Starting attendance process for subject: Kalpana
2024-12-31 19:53:25,104:INFO:Attendance recorded and saved to /Users/venom/Downloads/real_time_face_attendance/Attendance/Kalpana_2024-12-31_19-53-25.csv
2024-12-31 19:53:25,144:WARNING:Database server not accessible, proceeding with CSV only mode.
2024-12-31 19:53:25,145:INFO:Attendance filled successfully.
2024-12-31 19:53:49,617:INFO:Application closed by user.
2024-12-31 19:53:50,908:WARNING:Could not load logo: [Errno 2] No such file or directory: '/Users/venom/Downloads/real_time_face_attendance/images/logo.png'
2024-12-31 19:53:50,912:WARNING:Database server not accessible at startup. Operating in CSV-only mode.
2024-12-31 19:53:52,668:INFO:Application closed by user.
2024-12-31 19:55:03,329:WARNING:Could not load logo: [Errno 2] No such file or directory: '/Users/venom/Downloads/real_time_face_attendance/images/logo.png'
2024-12-31 19:55:03,343:WARNING:Database server not accessible at startup. Operating in CSV-only mode.
2024-12-31 19:55:21,900:INFO:Starting image capture for Enrollment: 1612, Name: Ansh
2024-12-31 19:55:35,867:INFO:Images saved for Enrollment: 1612, Name: Ansh
2024-12-31 19:55:59,578:INFO:Starting image capture for Enrollment: 1612, Name: Ansh
2024-12-31 19:56:09,629:INFO:Images saved for Enrollment: 1612, Name: Ansh
2024-12-31 19:56:24,579:INFO:Model training started.
2024-12-31 19:56:29,055:DEBUG:Collected 612 faces for training.
2024-12-31 19:56:30,821:INFO:Model trained and saved successfully.
2024-12-31 19:56:42,548:INFO:Starting attendance process for subject: Ansh
2024-12-31 19:57:04,800:INFO:Attendance recorded and saved to /Users/venom/Downloads/real_time_face_attendance/Attendance/Ansh_2024-12-31_19-57-04.csv
2024-12-31 19:57:04,825:WARNING:Database server not accessible, proceeding with CSV only mode.
2024-12-31 19:57:04,826:INFO:Attendance filled successfully.
2024-12-31 19:57:27,864:INFO:Starting attendance process for subject: Ansh
2024-12-31 19:57:50,141:INFO:Attendance recorded and saved to /Users/venom/Downloads/real_time_face_attendance/Attendance/Ansh_2024-12-31_19-57-50.csv
2024-12-31 19:57:50,160:WARNING:Database server not accessible, proceeding with CSV only mode.
2024-12-31 19:57:50,263:INFO:Attendance filled successfully.
2024-12-31 19:57:59,827:INFO:Starting image capture for Enrollment: 1506, Name: Yash
2024-12-31 19:58:07,368:INFO:Images saved for Enrollment: 1506, Name: Yash
2024-12-31 19:58:11,328:INFO:Model training started.
2024-12-31 19:58:16,051:DEBUG:Collected 682 faces for training.
2024-12-31 19:58:17,963:INFO:Model trained and saved successfully.
2024-12-31 19:58:42,310:INFO:Starting attendance process for subject: Maths
2024-12-31 19:59:04,716:INFO:Attendance recorded and saved to /Users/venom/Downloads/real_time_face_attendance/Attendance/Maths_2024-12-31_19-59-04.csv
2024-12-31 19:59:04,741:WARNING:Database server not accessible, proceeding with CSV only mode.
2024-12-31 19:59:04,741:INFO:Attendance filled successfully.
2024-12-31 19:59:26,914:INFO:Application closed by user.
